


ARM Macro Assembler    Page 1 


    1 00000000         ; * ----------------------------------------------------
                       -----------------------------------
    2 00000000         ; *  @file:    startup_MKE02Z4.s
    3 00000000         ; *  @purpose: CMSIS Cortex-M0P Core Device Startup File
                       
    4 00000000         ; *            MKE02Z4
    5 00000000         ; *  @version: 1.0
    6 00000000         ; *  @date:    2017-5-19
    7 00000000         ; *  @build:   b170811
    8 00000000         ; * ----------------------------------------------------
                       -----------------------------------
    9 00000000         ; *
   10 00000000         ; * Copyright 1997-2016 Freescale Semiconductor, Inc.
   11 00000000         ; * Copyright 2016-2017 NXP
   12 00000000         ; * Redistribution and use in source and binary forms, w
                       ith or without modification,
   13 00000000         ; * are permitted provided that the following conditions
                        are met:
   14 00000000         ; *
   15 00000000         ; * 1. Redistributions of source code must retain the ab
                       ove copyright notice, this list
   16 00000000         ; *   of conditions and the following disclaimer.
   17 00000000         ; *
   18 00000000         ; * 2. Redistributions in binary form must reproduce the
                        above copyright notice, this
   19 00000000         ; *   list of conditions and the following disclaimer in
                        the documentation and/or
   20 00000000         ; *   other materials provided with the distribution.
   21 00000000         ; *
   22 00000000         ; * 3. Neither the name of the copyright holder nor the 
                       names of its
   23 00000000         ; *   contributors may be used to endorse or promote pro
                       ducts derived from this
   24 00000000         ; *   software without specific prior written permission
                       .
   25 00000000         ; *
   26 00000000         ; * THIS SOFTWARE IS PROVIDED BY THE COPYRIGHT HOLDERS A
                       ND CONTRIBUTORS "AS IS" AND
   27 00000000         ; * ANY EXPRESS OR IMPLIED WARRANTIES, INCLUDING, BUT NO
                       T LIMITED TO, THE IMPLIED
   28 00000000         ; * WARRANTIES OF MERCHANTABILITY AND FITNESS FOR A PART
                       ICULAR PURPOSE ARE
   29 00000000         ; * DISCLAIMED. IN NO EVENT SHALL THE COPYRIGHT HOLDER O
                       R CONTRIBUTORS BE LIABLE FOR
   30 00000000         ; * ANY DIRECT, INDIRECT, INCIDENTAL, SPECIAL, EXEMPLARY
                       , OR CONSEQUENTIAL DAMAGES
   31 00000000         ; * (INCLUDING, BUT NOT LIMITED TO, PROCUREMENT OF SUBST
                       ITUTE GOODS OR SERVICES;
   32 00000000         ; * LOSS OF USE, DATA, OR PROFITS; OR BUSINESS INTERRUPT
                       ION) HOWEVER CAUSED AND ON
   33 00000000         ; * ANY THEORY OF LIABILITY, WHETHER IN CONTRACT, STRICT
                        LIABILITY, OR TORT
   34 00000000         ; * (INCLUDING NEGLIGENCE OR OTHERWISE) ARISING IN ANY W
                       AY OUT OF THE USE OF THIS
   35 00000000         ; * SOFTWARE, EVEN IF ADVISED OF THE POSSIBILITY OF SUCH
                        DAMAGE.
   36 00000000         ; *
   37 00000000         ; *------- <<< Use Configuration Wizard in Context Menu 
                       >>> ------------------



ARM Macro Assembler    Page 2 


   38 00000000         ; *
   39 00000000         ; ******************************************************
                       ***********************/
   40 00000000         
   41 00000000         
   42 00000000                 PRESERVE8
   43 00000000                 THUMB
   44 00000000         
   45 00000000         
   46 00000000         ; Vector Table Mapped to Address 0 at Reset
   47 00000000         
   48 00000000                 AREA             RESET, DATA, READONLY
   49 00000000                 EXPORT           __Vectors
   50 00000000                 EXPORT           __Vectors_End
   51 00000000                 EXPORT           __Vectors_Size
   52 00000000                 IMPORT           |Image$$ARM_LIB_STACK$$ZI$$Limi
t|
   53 00000000         
   54 00000000 00000000 
                       __Vectors
                               DCD              |Image$$ARM_LIB_STACK$$ZI$$Limi
t| 
                                                            ; Top of Stack
   55 00000004 00000000        DCD              Reset_Handler ; Reset Handler
   56 00000008 00000000        DCD              NMI_Handler ;NMI Handler
   57 0000000C 00000000        DCD              HardFault_Handler 
                                                            ;Hard Fault Handler
                                                            
   58 00000010 00000000        DCD              0           ;Reserved
   59 00000014 00000000        DCD              0           ;Reserved
   60 00000018 00000000        DCD              0           ;Reserved
   61 0000001C 00000000        DCD              0           ;Reserved
   62 00000020 00000000        DCD              0           ;Reserved
   63 00000024 00000000        DCD              0           ;Reserved
   64 00000028 00000000        DCD              0           ;Reserved
   65 0000002C 00000000        DCD              SVC_Handler ;SVCall Handler
   66 00000030 00000000        DCD              0           ;Reserved
   67 00000034 00000000        DCD              0           ;Reserved
   68 00000038 00000000        DCD              PendSV_Handler ;PendSV Handler
   69 0000003C 00000000        DCD              SysTick_Handler 
                                                            ;SysTick Handler
   70 00000040         
   71 00000040         ;External Interrupts
   72 00000040 00000000        DCD              Reserved16_IRQHandler 
                                                            ;Reserved interrupt
                                                            
   73 00000044 00000000        DCD              Reserved17_IRQHandler 
                                                            ;Reserved interrupt
                                                            
   74 00000048 00000000        DCD              Reserved18_IRQHandler 
                                                            ;Reserved interrupt
                                                            
   75 0000004C 00000000        DCD              Reserved19_IRQHandler 
                                                            ;Reserved interrupt
                                                            
   76 00000050 00000000        DCD              Reserved20_IRQHandler 
                                                            ;Reserved interrupt
                                                            
   77 00000054 00000000        DCD              FTMRH_IRQHandler ;Command compl



ARM Macro Assembler    Page 3 


                                                            ete and error inter
                                                            rupt
   78 00000058 00000000        DCD              PMC_IRQHandler ;Low-voltage war
                                                            ning
   79 0000005C 00000000        DCD              IRQ_IRQHandler 
                                                            ;External interrupt
                                                            
   80 00000060 00000000        DCD              I2C0_IRQHandler ;Single interru
                                                            pt vector for all s
                                                            ources
   81 00000064 00000000        DCD              Reserved25_IRQHandler 
                                                            ;Reserved interrupt
                                                            
   82 00000068 00000000        DCD              SPI0_IRQHandler ;Single interru
                                                            pt vector for all s
                                                            ources
   83 0000006C 00000000        DCD              SPI1_IRQHandler ;Single interru
                                                            pt vector for all s
                                                            ources
   84 00000070 00000000        DCD              UART0_IRQHandler 
                                                            ;Status and error
   85 00000074 00000000        DCD              UART1_IRQHandler 
                                                            ;Status and error
   86 00000078 00000000        DCD              UART2_IRQHandler 
                                                            ;Status and error
   87 0000007C 00000000        DCD              ADC_IRQHandler ;ADC conversion 
                                                            complete interrupt
   88 00000080 00000000        DCD              ACMP0_IRQHandler ;Analog compar
                                                            ator 0 interrupt
   89 00000084 00000000        DCD              FTM0_IRQHandler ;FTM0 single in
                                                            terrupt vector for 
                                                            all sources
   90 00000088 00000000        DCD              FTM1_IRQHandler ;FTM1 single in
                                                            terrupt vector for 
                                                            all sources
   91 0000008C 00000000        DCD              FTM2_IRQHandler ;FTM2 single in
                                                            terrupt vector for 
                                                            all sources
   92 00000090 00000000        DCD              RTC_IRQHandler ;RTC overflow
   93 00000094 00000000        DCD              ACMP1_IRQHandler ;Analog compar
                                                            ator 1 interrupt
   94 00000098 00000000        DCD              PIT_CH0_IRQHandler 
                                                            ;PIT CH0 overflow
   95 0000009C 00000000        DCD              PIT_CH1_IRQHandler 
                                                            ;PIT CH1 overflow
   96 000000A0 00000000        DCD              KBI0_IRQHandler ;Keyboard inter
                                                            rupt0
   97 000000A4 00000000        DCD              KBI1_IRQHandler ;Keyboard inter
                                                            rupt1
   98 000000A8 00000000        DCD              Reserved42_IRQHandler 
                                                            ;Reserved interrupt
                                                            
   99 000000AC 00000000        DCD              ICS_IRQHandler 
                                                            ;Clock loss of lock
                                                            
  100 000000B0 00000000        DCD              WDOG_IRQHandler 
                                                            ;Watchdog timeout
  101 000000B4 00000000        DCD              Reserved45_IRQHandler 
                                                            ;Reserved interrupt



ARM Macro Assembler    Page 4 


                                                            
  102 000000B8 00000000        DCD              Reserved46_IRQHandler 
                                                            ;Reserved interrupt
                                                            
  103 000000BC 00000000        DCD              Reserved47_IRQHandler 
                                                            ;Reserved interrupt
                                                            
  104 000000C0         __Vectors_End
  105 000000C0         
  106 000000C0 000000C0 
                       __Vectors_Size
                               EQU              __Vectors_End - __Vectors
  107 000000C0         
  108 000000C0         ; <h> Flash Configuration
  109 000000C0         ;   <i> 16-byte flash configuration field that stores de
                       fault protection settings (loaded on reset)
  110 000000C0         ;   <i> and security information that allows the MCU to 
                       restrict access to the FTFL module.
  111 000000C0         ;   <h> Backdoor Comparison Key
  112 000000C0         ;   </h>
  113 000000C0         ; </h>
  114 000000C0                 IF               :LNOT::DEF:RAM_TARGET
  115 000000C0                 AREA             FlashConfig, DATA, READONLY
  116 00000000         __FlashConfig
  117 00000000 FF FF FF 
              FF               DCB              0xFF      , 0xFF      , 0xFF   
   , 0xFF
  118 00000004 FF FF FF 
              FF               DCB              0xFF      , 0xFF      , 0xFF   
   , 0xFF
  119 00000008 FF FF FF 
              FF               DCB              0xFF      , 0xFF      , 0xFF   
   , 0xFF
  120 0000000C FF FF FE 
              FF               DCB              0xFF      , 0xFF      , 0xFE   
   , 0xFF
  121 00000010                 ENDIF
  122 00000010         
  123 00000010         
  124 00000010                 AREA             |.text|, CODE, READONLY
  125 00000000         
  126 00000000         ; Reset Handler
  127 00000000         
  128 00000000         Reset_Handler
                               PROC
  129 00000000                 EXPORT           Reset_Handler             [WEAK
]
  130 00000000                 IMPORT           SystemInit
  131 00000000                 IMPORT           __main
  132 00000000         
  133 00000000                 IF               :LNOT::DEF:RAM_TARGET
  134 00000000                 REQUIRE          FlashConfig
  135 00000000                 ENDIF
  136 00000000         
  137 00000000 B672            CPSID            I           ; Mask interrupts
  138 00000002 4810            LDR              R0, =0xE000ED08
  139 00000004 4910            LDR              R1, =__Vectors
  140 00000006 6001            STR              R1, [R0]
  141 00000008 680A            LDR              R2, [R1]



ARM Macro Assembler    Page 5 


  142 0000000A F382 8808       MSR              MSP, R2
  143 0000000E 480F            LDR              R0, =SystemInit
  144 00000010 4780            BLX              R0
  145 00000012 B662            CPSIE            i           ; Unmask interrupts
                                                            
  146 00000014 480E            LDR              R0, =__main
  147 00000016 4700            BX               R0
  148 00000018                 ENDP
  149 00000018         
  150 00000018         
  151 00000018         ; Dummy Exception Handlers (infinite loops which can be 
                       modified)
  153 00000018         NMI_Handler
                               PROC
  154 00000018                 EXPORT           NMI_Handler         [WEAK]
  155 00000018 E7FE            B                .
  156 0000001A                 ENDP
  158 0000001A         HardFault_Handler
                               PROC
  159 0000001A                 EXPORT           HardFault_Handler         [WEAK
]
  160 0000001A E7FE            B                .
  161 0000001C                 ENDP
  163 0000001C         SVC_Handler
                               PROC
  164 0000001C                 EXPORT           SVC_Handler         [WEAK]
  165 0000001C E7FE            B                .
  166 0000001E                 ENDP
  168 0000001E         PendSV_Handler
                               PROC
  169 0000001E                 EXPORT           PendSV_Handler         [WEAK]
  170 0000001E E7FE            B                .
  171 00000020                 ENDP
  173 00000020         SysTick_Handler
                               PROC
  174 00000020                 EXPORT           SysTick_Handler         [WEAK]
  175 00000020 E7FE            B                .
  176 00000022                 ENDP
  178 00000022         I2C0_IRQHandler
                               PROC
  179 00000022                 EXPORT           I2C0_IRQHandler         [WEAK]
  180 00000022 480C            LDR              R0, =I2C0_DriverIRQHandler
  181 00000024 4700            BX               R0
  182 00000026                 ENDP
  183 00000026         
  185 00000026         SPI0_IRQHandler
                               PROC
  186 00000026                 EXPORT           SPI0_IRQHandler         [WEAK]
  187 00000026 480C            LDR              R0, =SPI0_DriverIRQHandler
  188 00000028 4700            BX               R0
  189 0000002A                 ENDP
  190 0000002A         
  192 0000002A         SPI1_IRQHandler
                               PROC
  193 0000002A                 EXPORT           SPI1_IRQHandler         [WEAK]
  194 0000002A 480C            LDR              R0, =SPI1_DriverIRQHandler
  195 0000002C 4700            BX               R0
  196 0000002E                 ENDP
  197 0000002E         



ARM Macro Assembler    Page 6 


  199 0000002E         UART0_IRQHandler
                               PROC
  200 0000002E                 EXPORT           UART0_IRQHandler         [WEAK]
  201 0000002E 480C            LDR              R0, =UART0_DriverIRQHandler
  202 00000030 4700            BX               R0
  203 00000032                 ENDP
  204 00000032         
  206 00000032         UART1_IRQHandler
                               PROC
  207 00000032                 EXPORT           UART1_IRQHandler         [WEAK]
  208 00000032 480C            LDR              R0, =UART1_DriverIRQHandler
  209 00000034 4700            BX               R0
  210 00000036                 ENDP
  211 00000036         
  213 00000036         UART2_IRQHandler
                               PROC
  214 00000036                 EXPORT           UART2_IRQHandler         [WEAK]
  215 00000036 480C            LDR              R0, =UART2_DriverIRQHandler
  216 00000038 4700            BX               R0
  217 0000003A                 ENDP
  218 0000003A         
  220 0000003A         RTC_IRQHandler
                               PROC
  221 0000003A                 EXPORT           RTC_IRQHandler         [WEAK]
  222 0000003A 480C            LDR              R0, =RTC_DriverIRQHandler
  223 0000003C 4700            BX               R0
  224 0000003E                 ENDP
  225 0000003E         
  227 0000003E         Default_Handler
                               PROC
  228 0000003E                 EXPORT           Reserved16_IRQHandler         [
WEAK]
  229 0000003E                 EXPORT           Reserved17_IRQHandler         [
WEAK]
  230 0000003E                 EXPORT           Reserved18_IRQHandler         [
WEAK]
  231 0000003E                 EXPORT           Reserved19_IRQHandler         [
WEAK]
  232 0000003E                 EXPORT           Reserved20_IRQHandler         [
WEAK]
  233 0000003E                 EXPORT           FTMRH_IRQHandler         [WEAK]
  234 0000003E                 EXPORT           PMC_IRQHandler         [WEAK]
  235 0000003E                 EXPORT           IRQ_IRQHandler         [WEAK]
  236 0000003E                 EXPORT           I2C0_DriverIRQHandler         [
WEAK]
  237 0000003E                 EXPORT           Reserved25_IRQHandler         [
WEAK]
  238 0000003E                 EXPORT           SPI0_DriverIRQHandler         [
WEAK]
  239 0000003E                 EXPORT           SPI1_DriverIRQHandler         [
WEAK]
  240 0000003E                 EXPORT           UART0_DriverIRQHandler         
[WEAK]
  241 0000003E                 EXPORT           UART1_DriverIRQHandler         
[WEAK]
  242 0000003E                 EXPORT           UART2_DriverIRQHandler         
[WEAK]
  243 0000003E                 EXPORT           ADC_IRQHandler         [WEAK]
  244 0000003E                 EXPORT           ACMP0_IRQHandler         [WEAK]



ARM Macro Assembler    Page 7 


  245 0000003E                 EXPORT           FTM0_IRQHandler         [WEAK]
  246 0000003E                 EXPORT           FTM1_IRQHandler         [WEAK]
  247 0000003E                 EXPORT           FTM2_IRQHandler         [WEAK]
  248 0000003E                 EXPORT           RTC_DriverIRQHandler         [W
EAK]
  249 0000003E                 EXPORT           ACMP1_IRQHandler         [WEAK]
  250 0000003E                 EXPORT           PIT_CH0_IRQHandler         [WEA
K]
  251 0000003E                 EXPORT           PIT_CH1_IRQHandler         [WEA
K]
  252 0000003E                 EXPORT           KBI0_IRQHandler         [WEAK]
  253 0000003E                 EXPORT           KBI1_IRQHandler         [WEAK]
  254 0000003E                 EXPORT           Reserved42_IRQHandler         [
WEAK]
  255 0000003E                 EXPORT           ICS_IRQHandler         [WEAK]
  256 0000003E                 EXPORT           WDOG_IRQHandler         [WEAK]
  257 0000003E                 EXPORT           Reserved45_IRQHandler         [
WEAK]
  258 0000003E                 EXPORT           Reserved46_IRQHandler         [
WEAK]
  259 0000003E                 EXPORT           Reserved47_IRQHandler         [
WEAK]
  260 0000003E                 EXPORT           DefaultISR         [WEAK]
  261 0000003E         Reserved16_IRQHandler
  262 0000003E         Reserved17_IRQHandler
  263 0000003E         Reserved18_IRQHandler
  264 0000003E         Reserved19_IRQHandler
  265 0000003E         Reserved20_IRQHandler
  266 0000003E         FTMRH_IRQHandler
  267 0000003E         PMC_IRQHandler
  268 0000003E         IRQ_IRQHandler
  269 0000003E         I2C0_DriverIRQHandler
  270 0000003E         Reserved25_IRQHandler
  271 0000003E         SPI0_DriverIRQHandler
  272 0000003E         SPI1_DriverIRQHandler
  273 0000003E         UART0_DriverIRQHandler
  274 0000003E         UART1_DriverIRQHandler
  275 0000003E         UART2_DriverIRQHandler
  276 0000003E         ADC_IRQHandler
  277 0000003E         ACMP0_IRQHandler
  278 0000003E         FTM0_IRQHandler
  279 0000003E         FTM1_IRQHandler
  280 0000003E         FTM2_IRQHandler
  281 0000003E         RTC_DriverIRQHandler
  282 0000003E         ACMP1_IRQHandler
  283 0000003E         PIT_CH0_IRQHandler
  284 0000003E         PIT_CH1_IRQHandler
  285 0000003E         KBI0_IRQHandler
  286 0000003E         KBI1_IRQHandler
  287 0000003E         Reserved42_IRQHandler
  288 0000003E         ICS_IRQHandler
  289 0000003E         WDOG_IRQHandler
  290 0000003E         Reserved45_IRQHandler
  291 0000003E         Reserved46_IRQHandler
  292 0000003E         Reserved47_IRQHandler
  293 0000003E         DefaultISR
  294 0000003E 480C            LDR              R0, =DefaultISR
  295 00000040 4700            BX               R0
  296 00000042                 ENDP



ARM Macro Assembler    Page 8 


  297 00000042 00 00           ALIGN
  298 00000044         
  299 00000044         
  300 00000044                 END
              E000ED08 
              00000000 
              00000000 
              00000000 
              00000000 
              00000000 
              00000000 
              00000000 
              00000000 
              00000000 
              00000000 
              00000000 
Command Line: --debug --xref --diag_suppress=9931 --cpu=Cortex-M0+ --apcs=inter
work --depend=.\objects\startup_mke02z4.d -o.\objects\startup_mke02z4.o -I.\RTE
\Device\MKE02Z64VQH4 -I.\RTE\_Target_1 -IC:\Keil_v5\ARM\PACK\ARM\CMSIS\5.2.0\CM
SIS\Include -IC:\Keil_v5\ARM\PACK\NXP\MKE02Z4_DFP\10.0.0\drivers -IC:\Keil_v5\A
RM\PACK\NXP\MKE02Z4_DFP\10.0.0 --predefine="__EVAL SETA 1" --predefine="__UVISI
ON_VERSION SETA 524" --predefine="_RTE_ SETA 1" --predefine="CPU_MKE02Z64VQH4 S
ETA 1" --list=.\listings\startup_mke02z4.lst RTE\Device\MKE02Z64VQH4\startup_MK
E02Z4.s



ARM Macro Assembler    Page 1 Alphabetic symbol ordering
Relocatable symbols

RESET 00000000

Symbol: RESET
   Definitions
      At line 48 in file RTE\Device\MKE02Z64VQH4\startup_MKE02Z4.s
   Uses
      None
Comment: RESET unused
__Vectors 00000000

Symbol: __Vectors
   Definitions
      At line 54 in file RTE\Device\MKE02Z64VQH4\startup_MKE02Z4.s
   Uses
      At line 49 in file RTE\Device\MKE02Z64VQH4\startup_MKE02Z4.s
      At line 106 in file RTE\Device\MKE02Z64VQH4\startup_MKE02Z4.s
      At line 139 in file RTE\Device\MKE02Z64VQH4\startup_MKE02Z4.s

__Vectors_End 000000C0

Symbol: __Vectors_End
   Definitions
      At line 104 in file RTE\Device\MKE02Z64VQH4\startup_MKE02Z4.s
   Uses
      At line 50 in file RTE\Device\MKE02Z64VQH4\startup_MKE02Z4.s
      At line 106 in file RTE\Device\MKE02Z64VQH4\startup_MKE02Z4.s

3 symbols



ARM Macro Assembler    Page 1 Alphabetic symbol ordering
Relocatable symbols

FlashConfig 00000000

Symbol: FlashConfig
   Definitions
      At line 115 in file RTE\Device\MKE02Z64VQH4\startup_MKE02Z4.s
   Uses
      At line 134 in file RTE\Device\MKE02Z64VQH4\startup_MKE02Z4.s
Comment: FlashConfig used once
__FlashConfig 00000000

Symbol: __FlashConfig
   Definitions
      At line 116 in file RTE\Device\MKE02Z64VQH4\startup_MKE02Z4.s
   Uses
      None
Comment: __FlashConfig unused
2 symbols



ARM Macro Assembler    Page 1 Alphabetic symbol ordering
Relocatable symbols

.text 00000000

Symbol: .text
   Definitions
      At line 124 in file RTE\Device\MKE02Z64VQH4\startup_MKE02Z4.s
   Uses
      None
Comment: .text unused
ACMP0_IRQHandler 0000003E

Symbol: ACMP0_IRQHandler
   Definitions
      At line 277 in file RTE\Device\MKE02Z64VQH4\startup_MKE02Z4.s
   Uses
      At line 88 in file RTE\Device\MKE02Z64VQH4\startup_MKE02Z4.s
      At line 244 in file RTE\Device\MKE02Z64VQH4\startup_MKE02Z4.s

ACMP1_IRQHandler 0000003E

Symbol: ACMP1_IRQHandler
   Definitions
      At line 282 in file RTE\Device\MKE02Z64VQH4\startup_MKE02Z4.s
   Uses
      At line 93 in file RTE\Device\MKE02Z64VQH4\startup_MKE02Z4.s
      At line 249 in file RTE\Device\MKE02Z64VQH4\startup_MKE02Z4.s

ADC_IRQHandler 0000003E

Symbol: ADC_IRQHandler
   Definitions
      At line 276 in file RTE\Device\MKE02Z64VQH4\startup_MKE02Z4.s
   Uses
      At line 87 in file RTE\Device\MKE02Z64VQH4\startup_MKE02Z4.s
      At line 243 in file RTE\Device\MKE02Z64VQH4\startup_MKE02Z4.s

DefaultISR 0000003E

Symbol: DefaultISR
   Definitions
      At line 293 in file RTE\Device\MKE02Z64VQH4\startup_MKE02Z4.s
   Uses
      At line 260 in file RTE\Device\MKE02Z64VQH4\startup_MKE02Z4.s
      At line 294 in file RTE\Device\MKE02Z64VQH4\startup_MKE02Z4.s

Default_Handler 0000003E

Symbol: Default_Handler
   Definitions
      At line 227 in file RTE\Device\MKE02Z64VQH4\startup_MKE02Z4.s
   Uses
      None
Comment: Default_Handler unused
FTM0_IRQHandler 0000003E

Symbol: FTM0_IRQHandler
   Definitions
      At line 278 in file RTE\Device\MKE02Z64VQH4\startup_MKE02Z4.s
   Uses
      At line 89 in file RTE\Device\MKE02Z64VQH4\startup_MKE02Z4.s



ARM Macro Assembler    Page 2 Alphabetic symbol ordering
Relocatable symbols

      At line 245 in file RTE\Device\MKE02Z64VQH4\startup_MKE02Z4.s

FTM1_IRQHandler 0000003E

Symbol: FTM1_IRQHandler
   Definitions
      At line 279 in file RTE\Device\MKE02Z64VQH4\startup_MKE02Z4.s
   Uses
      At line 90 in file RTE\Device\MKE02Z64VQH4\startup_MKE02Z4.s
      At line 246 in file RTE\Device\MKE02Z64VQH4\startup_MKE02Z4.s

FTM2_IRQHandler 0000003E

Symbol: FTM2_IRQHandler
   Definitions
      At line 280 in file RTE\Device\MKE02Z64VQH4\startup_MKE02Z4.s
   Uses
      At line 91 in file RTE\Device\MKE02Z64VQH4\startup_MKE02Z4.s
      At line 247 in file RTE\Device\MKE02Z64VQH4\startup_MKE02Z4.s

FTMRH_IRQHandler 0000003E

Symbol: FTMRH_IRQHandler
   Definitions
      At line 266 in file RTE\Device\MKE02Z64VQH4\startup_MKE02Z4.s
   Uses
      At line 77 in file RTE\Device\MKE02Z64VQH4\startup_MKE02Z4.s
      At line 233 in file RTE\Device\MKE02Z64VQH4\startup_MKE02Z4.s

HardFault_Handler 0000001A

Symbol: HardFault_Handler
   Definitions
      At line 158 in file RTE\Device\MKE02Z64VQH4\startup_MKE02Z4.s
   Uses
      At line 57 in file RTE\Device\MKE02Z64VQH4\startup_MKE02Z4.s
      At line 159 in file RTE\Device\MKE02Z64VQH4\startup_MKE02Z4.s

I2C0_DriverIRQHandler 0000003E

Symbol: I2C0_DriverIRQHandler
   Definitions
      At line 269 in file RTE\Device\MKE02Z64VQH4\startup_MKE02Z4.s
   Uses
      At line 180 in file RTE\Device\MKE02Z64VQH4\startup_MKE02Z4.s
      At line 236 in file RTE\Device\MKE02Z64VQH4\startup_MKE02Z4.s

I2C0_IRQHandler 00000022

Symbol: I2C0_IRQHandler
   Definitions
      At line 178 in file RTE\Device\MKE02Z64VQH4\startup_MKE02Z4.s
   Uses
      At line 80 in file RTE\Device\MKE02Z64VQH4\startup_MKE02Z4.s
      At line 179 in file RTE\Device\MKE02Z64VQH4\startup_MKE02Z4.s

ICS_IRQHandler 0000003E

Symbol: ICS_IRQHandler



ARM Macro Assembler    Page 3 Alphabetic symbol ordering
Relocatable symbols

   Definitions
      At line 288 in file RTE\Device\MKE02Z64VQH4\startup_MKE02Z4.s
   Uses
      At line 99 in file RTE\Device\MKE02Z64VQH4\startup_MKE02Z4.s
      At line 255 in file RTE\Device\MKE02Z64VQH4\startup_MKE02Z4.s

IRQ_IRQHandler 0000003E

Symbol: IRQ_IRQHandler
   Definitions
      At line 268 in file RTE\Device\MKE02Z64VQH4\startup_MKE02Z4.s
   Uses
      At line 79 in file RTE\Device\MKE02Z64VQH4\startup_MKE02Z4.s
      At line 235 in file RTE\Device\MKE02Z64VQH4\startup_MKE02Z4.s

KBI0_IRQHandler 0000003E

Symbol: KBI0_IRQHandler
   Definitions
      At line 285 in file RTE\Device\MKE02Z64VQH4\startup_MKE02Z4.s
   Uses
      At line 96 in file RTE\Device\MKE02Z64VQH4\startup_MKE02Z4.s
      At line 252 in file RTE\Device\MKE02Z64VQH4\startup_MKE02Z4.s

KBI1_IRQHandler 0000003E

Symbol: KBI1_IRQHandler
   Definitions
      At line 286 in file RTE\Device\MKE02Z64VQH4\startup_MKE02Z4.s
   Uses
      At line 97 in file RTE\Device\MKE02Z64VQH4\startup_MKE02Z4.s
      At line 253 in file RTE\Device\MKE02Z64VQH4\startup_MKE02Z4.s

NMI_Handler 00000018

Symbol: NMI_Handler
   Definitions
      At line 153 in file RTE\Device\MKE02Z64VQH4\startup_MKE02Z4.s
   Uses
      At line 56 in file RTE\Device\MKE02Z64VQH4\startup_MKE02Z4.s
      At line 154 in file RTE\Device\MKE02Z64VQH4\startup_MKE02Z4.s

PIT_CH0_IRQHandler 0000003E

Symbol: PIT_CH0_IRQHandler
   Definitions
      At line 283 in file RTE\Device\MKE02Z64VQH4\startup_MKE02Z4.s
   Uses
      At line 94 in file RTE\Device\MKE02Z64VQH4\startup_MKE02Z4.s
      At line 250 in file RTE\Device\MKE02Z64VQH4\startup_MKE02Z4.s

PIT_CH1_IRQHandler 0000003E

Symbol: PIT_CH1_IRQHandler
   Definitions
      At line 284 in file RTE\Device\MKE02Z64VQH4\startup_MKE02Z4.s
   Uses
      At line 95 in file RTE\Device\MKE02Z64VQH4\startup_MKE02Z4.s
      At line 251 in file RTE\Device\MKE02Z64VQH4\startup_MKE02Z4.s



ARM Macro Assembler    Page 4 Alphabetic symbol ordering
Relocatable symbols


PMC_IRQHandler 0000003E

Symbol: PMC_IRQHandler
   Definitions
      At line 267 in file RTE\Device\MKE02Z64VQH4\startup_MKE02Z4.s
   Uses
      At line 78 in file RTE\Device\MKE02Z64VQH4\startup_MKE02Z4.s
      At line 234 in file RTE\Device\MKE02Z64VQH4\startup_MKE02Z4.s

PendSV_Handler 0000001E

Symbol: PendSV_Handler
   Definitions
      At line 168 in file RTE\Device\MKE02Z64VQH4\startup_MKE02Z4.s
   Uses
      At line 68 in file RTE\Device\MKE02Z64VQH4\startup_MKE02Z4.s
      At line 169 in file RTE\Device\MKE02Z64VQH4\startup_MKE02Z4.s

RTC_DriverIRQHandler 0000003E

Symbol: RTC_DriverIRQHandler
   Definitions
      At line 281 in file RTE\Device\MKE02Z64VQH4\startup_MKE02Z4.s
   Uses
      At line 222 in file RTE\Device\MKE02Z64VQH4\startup_MKE02Z4.s
      At line 248 in file RTE\Device\MKE02Z64VQH4\startup_MKE02Z4.s

RTC_IRQHandler 0000003A

Symbol: RTC_IRQHandler
   Definitions
      At line 220 in file RTE\Device\MKE02Z64VQH4\startup_MKE02Z4.s
   Uses
      At line 92 in file RTE\Device\MKE02Z64VQH4\startup_MKE02Z4.s
      At line 221 in file RTE\Device\MKE02Z64VQH4\startup_MKE02Z4.s

Reserved16_IRQHandler 0000003E

Symbol: Reserved16_IRQHandler
   Definitions
      At line 261 in file RTE\Device\MKE02Z64VQH4\startup_MKE02Z4.s
   Uses
      At line 72 in file RTE\Device\MKE02Z64VQH4\startup_MKE02Z4.s
      At line 228 in file RTE\Device\MKE02Z64VQH4\startup_MKE02Z4.s

Reserved17_IRQHandler 0000003E

Symbol: Reserved17_IRQHandler
   Definitions
      At line 262 in file RTE\Device\MKE02Z64VQH4\startup_MKE02Z4.s
   Uses
      At line 73 in file RTE\Device\MKE02Z64VQH4\startup_MKE02Z4.s
      At line 229 in file RTE\Device\MKE02Z64VQH4\startup_MKE02Z4.s

Reserved18_IRQHandler 0000003E

Symbol: Reserved18_IRQHandler
   Definitions



ARM Macro Assembler    Page 5 Alphabetic symbol ordering
Relocatable symbols

      At line 263 in file RTE\Device\MKE02Z64VQH4\startup_MKE02Z4.s
   Uses
      At line 74 in file RTE\Device\MKE02Z64VQH4\startup_MKE02Z4.s
      At line 230 in file RTE\Device\MKE02Z64VQH4\startup_MKE02Z4.s

Reserved19_IRQHandler 0000003E

Symbol: Reserved19_IRQHandler
   Definitions
      At line 264 in file RTE\Device\MKE02Z64VQH4\startup_MKE02Z4.s
   Uses
      At line 75 in file RTE\Device\MKE02Z64VQH4\startup_MKE02Z4.s
      At line 231 in file RTE\Device\MKE02Z64VQH4\startup_MKE02Z4.s

Reserved20_IRQHandler 0000003E

Symbol: Reserved20_IRQHandler
   Definitions
      At line 265 in file RTE\Device\MKE02Z64VQH4\startup_MKE02Z4.s
   Uses
      At line 76 in file RTE\Device\MKE02Z64VQH4\startup_MKE02Z4.s
      At line 232 in file RTE\Device\MKE02Z64VQH4\startup_MKE02Z4.s

Reserved25_IRQHandler 0000003E

Symbol: Reserved25_IRQHandler
   Definitions
      At line 270 in file RTE\Device\MKE02Z64VQH4\startup_MKE02Z4.s
   Uses
      At line 81 in file RTE\Device\MKE02Z64VQH4\startup_MKE02Z4.s
      At line 237 in file RTE\Device\MKE02Z64VQH4\startup_MKE02Z4.s

Reserved42_IRQHandler 0000003E

Symbol: Reserved42_IRQHandler
   Definitions
      At line 287 in file RTE\Device\MKE02Z64VQH4\startup_MKE02Z4.s
   Uses
      At line 98 in file RTE\Device\MKE02Z64VQH4\startup_MKE02Z4.s
      At line 254 in file RTE\Device\MKE02Z64VQH4\startup_MKE02Z4.s

Reserved45_IRQHandler 0000003E

Symbol: Reserved45_IRQHandler
   Definitions
      At line 290 in file RTE\Device\MKE02Z64VQH4\startup_MKE02Z4.s
   Uses
      At line 101 in file RTE\Device\MKE02Z64VQH4\startup_MKE02Z4.s
      At line 257 in file RTE\Device\MKE02Z64VQH4\startup_MKE02Z4.s

Reserved46_IRQHandler 0000003E

Symbol: Reserved46_IRQHandler
   Definitions
      At line 291 in file RTE\Device\MKE02Z64VQH4\startup_MKE02Z4.s
   Uses
      At line 102 in file RTE\Device\MKE02Z64VQH4\startup_MKE02Z4.s
      At line 258 in file RTE\Device\MKE02Z64VQH4\startup_MKE02Z4.s




ARM Macro Assembler    Page 6 Alphabetic symbol ordering
Relocatable symbols

Reserved47_IRQHandler 0000003E

Symbol: Reserved47_IRQHandler
   Definitions
      At line 292 in file RTE\Device\MKE02Z64VQH4\startup_MKE02Z4.s
   Uses
      At line 103 in file RTE\Device\MKE02Z64VQH4\startup_MKE02Z4.s
      At line 259 in file RTE\Device\MKE02Z64VQH4\startup_MKE02Z4.s

Reset_Handler 00000000

Symbol: Reset_Handler
   Definitions
      At line 128 in file RTE\Device\MKE02Z64VQH4\startup_MKE02Z4.s
   Uses
      At line 55 in file RTE\Device\MKE02Z64VQH4\startup_MKE02Z4.s
      At line 129 in file RTE\Device\MKE02Z64VQH4\startup_MKE02Z4.s

SPI0_DriverIRQHandler 0000003E

Symbol: SPI0_DriverIRQHandler
   Definitions
      At line 271 in file RTE\Device\MKE02Z64VQH4\startup_MKE02Z4.s
   Uses
      At line 187 in file RTE\Device\MKE02Z64VQH4\startup_MKE02Z4.s
      At line 238 in file RTE\Device\MKE02Z64VQH4\startup_MKE02Z4.s

SPI0_IRQHandler 00000026

Symbol: SPI0_IRQHandler
   Definitions
      At line 185 in file RTE\Device\MKE02Z64VQH4\startup_MKE02Z4.s
   Uses
      At line 82 in file RTE\Device\MKE02Z64VQH4\startup_MKE02Z4.s
      At line 186 in file RTE\Device\MKE02Z64VQH4\startup_MKE02Z4.s

SPI1_DriverIRQHandler 0000003E

Symbol: SPI1_DriverIRQHandler
   Definitions
      At line 272 in file RTE\Device\MKE02Z64VQH4\startup_MKE02Z4.s
   Uses
      At line 194 in file RTE\Device\MKE02Z64VQH4\startup_MKE02Z4.s
      At line 239 in file RTE\Device\MKE02Z64VQH4\startup_MKE02Z4.s

SPI1_IRQHandler 0000002A

Symbol: SPI1_IRQHandler
   Definitions
      At line 192 in file RTE\Device\MKE02Z64VQH4\startup_MKE02Z4.s
   Uses
      At line 83 in file RTE\Device\MKE02Z64VQH4\startup_MKE02Z4.s
      At line 193 in file RTE\Device\MKE02Z64VQH4\startup_MKE02Z4.s

SVC_Handler 0000001C

Symbol: SVC_Handler
   Definitions
      At line 163 in file RTE\Device\MKE02Z64VQH4\startup_MKE02Z4.s



ARM Macro Assembler    Page 7 Alphabetic symbol ordering
Relocatable symbols

   Uses
      At line 65 in file RTE\Device\MKE02Z64VQH4\startup_MKE02Z4.s
      At line 164 in file RTE\Device\MKE02Z64VQH4\startup_MKE02Z4.s

SysTick_Handler 00000020

Symbol: SysTick_Handler
   Definitions
      At line 173 in file RTE\Device\MKE02Z64VQH4\startup_MKE02Z4.s
   Uses
      At line 69 in file RTE\Device\MKE02Z64VQH4\startup_MKE02Z4.s
      At line 174 in file RTE\Device\MKE02Z64VQH4\startup_MKE02Z4.s

UART0_DriverIRQHandler 0000003E

Symbol: UART0_DriverIRQHandler
   Definitions
      At line 273 in file RTE\Device\MKE02Z64VQH4\startup_MKE02Z4.s
   Uses
      At line 201 in file RTE\Device\MKE02Z64VQH4\startup_MKE02Z4.s
      At line 240 in file RTE\Device\MKE02Z64VQH4\startup_MKE02Z4.s

UART0_IRQHandler 0000002E

Symbol: UART0_IRQHandler
   Definitions
      At line 199 in file RTE\Device\MKE02Z64VQH4\startup_MKE02Z4.s
   Uses
      At line 84 in file RTE\Device\MKE02Z64VQH4\startup_MKE02Z4.s
      At line 200 in file RTE\Device\MKE02Z64VQH4\startup_MKE02Z4.s

UART1_DriverIRQHandler 0000003E

Symbol: UART1_DriverIRQHandler
   Definitions
      At line 274 in file RTE\Device\MKE02Z64VQH4\startup_MKE02Z4.s
   Uses
      At line 208 in file RTE\Device\MKE02Z64VQH4\startup_MKE02Z4.s
      At line 241 in file RTE\Device\MKE02Z64VQH4\startup_MKE02Z4.s

UART1_IRQHandler 00000032

Symbol: UART1_IRQHandler
   Definitions
      At line 206 in file RTE\Device\MKE02Z64VQH4\startup_MKE02Z4.s
   Uses
      At line 85 in file RTE\Device\MKE02Z64VQH4\startup_MKE02Z4.s
      At line 207 in file RTE\Device\MKE02Z64VQH4\startup_MKE02Z4.s

UART2_DriverIRQHandler 0000003E

Symbol: UART2_DriverIRQHandler
   Definitions
      At line 275 in file RTE\Device\MKE02Z64VQH4\startup_MKE02Z4.s
   Uses
      At line 215 in file RTE\Device\MKE02Z64VQH4\startup_MKE02Z4.s
      At line 242 in file RTE\Device\MKE02Z64VQH4\startup_MKE02Z4.s

UART2_IRQHandler 00000036



ARM Macro Assembler    Page 8 Alphabetic symbol ordering
Relocatable symbols


Symbol: UART2_IRQHandler
   Definitions
      At line 213 in file RTE\Device\MKE02Z64VQH4\startup_MKE02Z4.s
   Uses
      At line 86 in file RTE\Device\MKE02Z64VQH4\startup_MKE02Z4.s
      At line 214 in file RTE\Device\MKE02Z64VQH4\startup_MKE02Z4.s

WDOG_IRQHandler 0000003E

Symbol: WDOG_IRQHandler
   Definitions
      At line 289 in file RTE\Device\MKE02Z64VQH4\startup_MKE02Z4.s
   Uses
      At line 100 in file RTE\Device\MKE02Z64VQH4\startup_MKE02Z4.s
      At line 256 in file RTE\Device\MKE02Z64VQH4\startup_MKE02Z4.s

48 symbols



ARM Macro Assembler    Page 1 Alphabetic symbol ordering
Absolute symbols

__Vectors_Size 000000C0

Symbol: __Vectors_Size
   Definitions
      At line 106 in file RTE\Device\MKE02Z64VQH4\startup_MKE02Z4.s
   Uses
      At line 51 in file RTE\Device\MKE02Z64VQH4\startup_MKE02Z4.s
Comment: __Vectors_Size used once
1 symbol



ARM Macro Assembler    Page 1 Alphabetic symbol ordering
External symbols

Image$$ARM_LIB_STACK$$ZI$$Limit 00000000

Symbol: Image$$ARM_LIB_STACK$$ZI$$Limit
   Definitions
      At line 52 in file RTE\Device\MKE02Z64VQH4\startup_MKE02Z4.s
   Uses
      At line 54 in file RTE\Device\MKE02Z64VQH4\startup_MKE02Z4.s
Comment: Image$$ARM_LIB_STACK$$ZI$$Limit used once
SystemInit 00000000

Symbol: SystemInit
   Definitions
      At line 130 in file RTE\Device\MKE02Z64VQH4\startup_MKE02Z4.s
   Uses
      At line 143 in file RTE\Device\MKE02Z64VQH4\startup_MKE02Z4.s
Comment: SystemInit used once
__main 00000000

Symbol: __main
   Definitions
      At line 131 in file RTE\Device\MKE02Z64VQH4\startup_MKE02Z4.s
   Uses
      At line 146 in file RTE\Device\MKE02Z64VQH4\startup_MKE02Z4.s
Comment: __main used once
3 symbols
397 symbols in table
